<?xml version="1.0" encoding="UTF-8"?>
<testsuite name="com.customer.rewardengine.service.RewardsServiceImplTest" tests="1" skipped="0" failures="0" errors="0" timestamp="2025-10-02T19:31:36.782Z" hostname="DESKTOP-27LF8VS" time="0.343">
  <properties/>
  <testcase name="testGetRewardsByCustomerId()" classname="com.customer.rewardengine.service.RewardsServiceImplTest" time="0.343"/>
  <system-out><![CDATA[]]></system-out>
  <system-err><![CDATA[]]></system-err>
</testsuite>
